2022-05-21 15:30:52.328  INFO 3896 --- [restartedMain] c.s.h.HappyHouseFinalApplication         : Starting HappyHouseFinalApplication using Java 1.8.0_312 on DESKTOP-99BF1KM with PID 3896 (C:\Users\sodud\Desktop\SSAFY\ssafy_spring_boot\HappyHouseFinal\bin\main started by sodud in C:\Users\sodud\Desktop\SSAFY\ssafy_spring_boot\HappyHouseFinal)
2022-05-21 15:30:52.337  INFO 3896 --- [restartedMain] c.s.h.HappyHouseFinalApplication         : No active profile set, falling back to 1 default profile: "default"
2022-05-21 15:30:52.448  INFO 3896 --- [restartedMain] .e.DevToolsPropertyDefaultsPostProcessor : Devtools property defaults active! Set 'spring.devtools.add-properties' to 'false' to disable
2022-05-21 15:30:52.448  INFO 3896 --- [restartedMain] .e.DevToolsPropertyDefaultsPostProcessor : For additional web related logging consider setting the 'logging.level.web' property to 'DEBUG'
2022-05-21 15:30:53.905  INFO 3896 --- [restartedMain] o.s.b.w.embedded.tomcat.TomcatWebServer  : Tomcat initialized with port(s): 8080 (http)
2022-05-21 15:30:53.921  INFO 3896 --- [restartedMain] o.apache.catalina.core.StandardService   : Starting service [Tomcat]
2022-05-21 15:30:53.921  INFO 3896 --- [restartedMain] org.apache.catalina.core.StandardEngine  : Starting Servlet engine: [Apache Tomcat/9.0.62]
2022-05-21 15:30:54.086  INFO 3896 --- [restartedMain] o.a.c.c.C.[Tomcat].[localhost].[/]       : Initializing Spring embedded WebApplicationContext
2022-05-21 15:30:54.086  INFO 3896 --- [restartedMain] w.s.c.ServletWebServerApplicationContext : Root WebApplicationContext: initialization completed in 1636 ms
2022-05-21 15:30:54.868  INFO 3896 --- [restartedMain] o.s.b.d.a.OptionalLiveReloadServer       : LiveReload server is running on port 35729
2022-05-21 15:30:54.903  INFO 3896 --- [restartedMain] o.s.b.w.embedded.tomcat.TomcatWebServer  : Tomcat started on port(s): 8080 (http) with context path ''
2022-05-21 15:30:54.914  INFO 3896 --- [restartedMain] c.s.h.HappyHouseFinalApplication         : Started HappyHouseFinalApplication in 3.58 seconds (JVM running for 5.647)
2022-05-21 15:33:15.916  INFO 3896 --- [http-nio-8080-exec-1] o.a.c.c.C.[Tomcat].[localhost].[/]       : Initializing Spring DispatcherServlet 'dispatcherServlet'
2022-05-21 15:33:15.917  INFO 3896 --- [http-nio-8080-exec-1] o.s.web.servlet.DispatcherServlet        : Initializing Servlet 'dispatcherServlet'
2022-05-21 15:33:15.920  INFO 3896 --- [http-nio-8080-exec-1] o.s.web.servlet.DispatcherServlet        : Completed initialization in 2 ms
2022-05-21 15:33:16.005  INFO 3896 --- [http-nio-8080-exec-2] com.zaxxer.hikari.HikariDataSource       : HikariPool-1 - Starting...
2022-05-21 15:33:16.390  INFO 3896 --- [http-nio-8080-exec-2] com.zaxxer.hikari.HikariDataSource       : HikariPool-1 - Start completed.
2022-05-21 22:12:11.013  INFO 3896 --- [RMI TCP Connection(410)-127.0.0.1] inMXBeanRegistrar$SpringApplicationAdmin : Application shutdown requested.
2022-05-21 22:12:11.752  INFO 3896 --- [RMI TCP Connection(410)-127.0.0.1] com.zaxxer.hikari.HikariDataSource       : HikariPool-1 - Shutdown initiated...
2022-05-21 22:12:11.763  INFO 3896 --- [RMI TCP Connection(410)-127.0.0.1] com.zaxxer.hikari.HikariDataSource       : HikariPool-1 - Shutdown completed.
2022-05-21 22:12:21.648  INFO 9488 --- [restartedMain] c.s.h.HappyHouseFinalApplication         : Starting HappyHouseFinalApplication using Java 1.8.0_312 on DESKTOP-99BF1KM with PID 9488 (C:\Users\sodud\Desktop\SSAFY\ssafy_spring_boot\HappyHouseFinal\bin\main started by sodud in C:\Users\sodud\Desktop\SSAFY\ssafy_spring_boot\HappyHouseFinal)
2022-05-21 22:12:21.651  INFO 9488 --- [restartedMain] c.s.h.HappyHouseFinalApplication         : No active profile set, falling back to 1 default profile: "default"
2022-05-21 22:12:21.711  INFO 9488 --- [restartedMain] .e.DevToolsPropertyDefaultsPostProcessor : Devtools property defaults active! Set 'spring.devtools.add-properties' to 'false' to disable
2022-05-21 22:12:21.712  INFO 9488 --- [restartedMain] .e.DevToolsPropertyDefaultsPostProcessor : For additional web related logging consider setting the 'logging.level.web' property to 'DEBUG'
2022-05-21 22:12:22.823  INFO 9488 --- [restartedMain] o.s.b.w.embedded.tomcat.TomcatWebServer  : Tomcat initialized with port(s): 8080 (http)
2022-05-21 22:12:22.832  INFO 9488 --- [restartedMain] o.apache.catalina.core.StandardService   : Starting service [Tomcat]
2022-05-21 22:12:22.832  INFO 9488 --- [restartedMain] org.apache.catalina.core.StandardEngine  : Starting Servlet engine: [Apache Tomcat/9.0.62]
2022-05-21 22:12:22.907  INFO 9488 --- [restartedMain] o.a.c.c.C.[Tomcat].[localhost].[/]       : Initializing Spring embedded WebApplicationContext
2022-05-21 22:12:22.908  INFO 9488 --- [restartedMain] w.s.c.ServletWebServerApplicationContext : Root WebApplicationContext: initialization completed in 1196 ms
2022-05-21 22:12:23.627  INFO 9488 --- [restartedMain] o.s.b.d.a.OptionalLiveReloadServer       : LiveReload server is running on port 35729
2022-05-21 22:12:23.663  INFO 9488 --- [restartedMain] o.s.b.w.embedded.tomcat.TomcatWebServer  : Tomcat started on port(s): 8080 (http) with context path ''
2022-05-21 22:12:23.675  INFO 9488 --- [restartedMain] c.s.h.HappyHouseFinalApplication         : Started HappyHouseFinalApplication in 2.453 seconds (JVM running for 4.035)
2022-05-21 22:12:55.681  INFO 9488 --- [http-nio-8080-exec-2] o.a.c.c.C.[Tomcat].[localhost].[/]       : Initializing Spring DispatcherServlet 'dispatcherServlet'
2022-05-21 22:12:55.682  INFO 9488 --- [http-nio-8080-exec-2] o.s.web.servlet.DispatcherServlet        : Initializing Servlet 'dispatcherServlet'
2022-05-21 22:12:55.684  INFO 9488 --- [http-nio-8080-exec-2] o.s.web.servlet.DispatcherServlet        : Completed initialization in 2 ms
2022-05-21 22:12:55.805  INFO 9488 --- [http-nio-8080-exec-1] com.zaxxer.hikari.HikariDataSource       : HikariPool-1 - Starting...
2022-05-21 22:12:56.300  INFO 9488 --- [http-nio-8080-exec-1] com.zaxxer.hikari.HikariDataSource       : HikariPool-1 - Start completed.
